[2021-02-05 14:51:15Z INFO HostContext] No proxy settings were found based on environmental variables (http_proxy/https_proxy/HTTP_PROXY/HTTPS_PROXY)
[2021-02-05 14:51:15Z INFO HostContext] Well known directory 'Bin': 'C:\Users\Youcode\Desktop\deploy_reactapp\actions-runner\bin'
[2021-02-05 14:51:15Z INFO HostContext] Well known directory 'Root': 'C:\Users\Youcode\Desktop\deploy_reactapp\actions-runner'
[2021-02-05 14:51:15Z INFO HostContext] Well known config file 'Credentials': 'C:\Users\Youcode\Desktop\deploy_reactapp\actions-runner\.credentials'
[2021-02-05 14:51:15Z INFO Listener] Runner is built for Windows (X64) - win-x64.
[2021-02-05 14:51:15Z INFO Listener] RuntimeInformation: Microsoft Windows 10.0.19042.
[2021-02-05 14:51:15Z INFO Listener] Version: 2.276.1
[2021-02-05 14:51:15Z INFO Listener] Commit: 5effa808be96eae7f2e08d713426b8d056bddff1
[2021-02-05 14:51:15Z INFO Listener] Culture: fr-FR
[2021-02-05 14:51:15Z INFO Listener] UI Culture: fr-FR
[2021-02-05 14:51:15Z INFO HostContext] Well known directory 'Bin': 'C:\Users\Youcode\Desktop\deploy_reactapp\actions-runner\bin'
[2021-02-05 14:51:15Z INFO HostContext] Well known directory 'Root': 'C:\Users\Youcode\Desktop\deploy_reactapp\actions-runner'
[2021-02-05 14:51:15Z INFO Listener] Validating directory permissions for: 'C:\Users\Youcode\Desktop\deploy_reactapp\actions-runner'
[2021-02-05 14:51:15Z INFO CommandLineParser] Parse
[2021-02-05 14:51:15Z INFO CommandLineParser] Parsing 1 args
[2021-02-05 14:51:15Z INFO CommandLineParser] parsing argument
[2021-02-05 14:51:15Z INFO CommandLineParser] HasArgs: False
[2021-02-05 14:51:15Z INFO CommandLineParser] Adding Command: run
[2021-02-05 14:51:15Z INFO Listener] Arguments parsed
[2021-02-05 14:51:15Z INFO Runner] ExecuteCommand
[2021-02-05 14:51:15Z INFO ConfigurationStore] currentAssemblyLocation: C:\Users\Youcode\Desktop\deploy_reactapp\actions-runner\bin\Runner.Listener.dll
[2021-02-05 14:51:15Z INFO HostContext] Well known directory 'Bin': 'C:\Users\Youcode\Desktop\deploy_reactapp\actions-runner\bin'
[2021-02-05 14:51:15Z INFO ConfigurationStore] binPath: C:\Users\Youcode\Desktop\deploy_reactapp\actions-runner\bin
[2021-02-05 14:51:15Z INFO HostContext] Well known directory 'Bin': 'C:\Users\Youcode\Desktop\deploy_reactapp\actions-runner\bin'
[2021-02-05 14:51:15Z INFO HostContext] Well known directory 'Root': 'C:\Users\Youcode\Desktop\deploy_reactapp\actions-runner'
[2021-02-05 14:51:15Z INFO ConfigurationStore] RootFolder: C:\Users\Youcode\Desktop\deploy_reactapp\actions-runner
[2021-02-05 14:51:15Z INFO HostContext] Well known directory 'Bin': 'C:\Users\Youcode\Desktop\deploy_reactapp\actions-runner\bin'
[2021-02-05 14:51:15Z INFO HostContext] Well known directory 'Root': 'C:\Users\Youcode\Desktop\deploy_reactapp\actions-runner'
[2021-02-05 14:51:15Z INFO HostContext] Well known config file 'Runner': 'C:\Users\Youcode\Desktop\deploy_reactapp\actions-runner\.runner'
[2021-02-05 14:51:15Z INFO ConfigurationStore] ConfigFilePath: C:\Users\Youcode\Desktop\deploy_reactapp\actions-runner\.runner
[2021-02-05 14:51:15Z INFO HostContext] Well known directory 'Bin': 'C:\Users\Youcode\Desktop\deploy_reactapp\actions-runner\bin'
[2021-02-05 14:51:15Z INFO HostContext] Well known directory 'Root': 'C:\Users\Youcode\Desktop\deploy_reactapp\actions-runner'
[2021-02-05 14:51:15Z INFO HostContext] Well known config file 'Credentials': 'C:\Users\Youcode\Desktop\deploy_reactapp\actions-runner\.credentials'
[2021-02-05 14:51:15Z INFO ConfigurationStore] CredFilePath: C:\Users\Youcode\Desktop\deploy_reactapp\actions-runner\.credentials
[2021-02-05 14:51:15Z INFO HostContext] Well known directory 'Bin': 'C:\Users\Youcode\Desktop\deploy_reactapp\actions-runner\bin'
[2021-02-05 14:51:15Z INFO HostContext] Well known directory 'Root': 'C:\Users\Youcode\Desktop\deploy_reactapp\actions-runner'
[2021-02-05 14:51:15Z INFO HostContext] Well known config file 'MigratedCredentials': 'C:\Users\Youcode\Desktop\deploy_reactapp\actions-runner\.credentials_migrated'
[2021-02-05 14:51:15Z INFO ConfigurationStore] MigratedCredFilePath: C:\Users\Youcode\Desktop\deploy_reactapp\actions-runner\.credentials_migrated
[2021-02-05 14:51:15Z INFO HostContext] Well known directory 'Bin': 'C:\Users\Youcode\Desktop\deploy_reactapp\actions-runner\bin'
[2021-02-05 14:51:15Z INFO HostContext] Well known directory 'Root': 'C:\Users\Youcode\Desktop\deploy_reactapp\actions-runner'
[2021-02-05 14:51:15Z INFO HostContext] Well known config file 'Service': 'C:\Users\Youcode\Desktop\deploy_reactapp\actions-runner\.service'
[2021-02-05 14:51:15Z INFO ConfigurationStore] ServiceConfigFilePath: C:\Users\Youcode\Desktop\deploy_reactapp\actions-runner\.service
[2021-02-05 14:51:15Z INFO CommandSettings] Flag 'help': 'False'
[2021-02-05 14:51:15Z INFO CommandSettings] Flag 'version': 'False'
[2021-02-05 14:51:15Z INFO CommandSettings] Flag 'commit': 'False'
[2021-02-05 14:51:15Z INFO CommandSettings] Flag 'check': 'False'
[2021-02-05 14:51:15Z INFO CommandSettings] Command 'configure': 'False'
[2021-02-05 14:51:15Z INFO CommandSettings] Command 'remove': 'False'
[2021-02-05 14:51:15Z INFO CommandSettings] Command 'warmup': 'False'
[2021-02-05 14:51:15Z INFO ConfigurationManager] LoadSettings
[2021-02-05 14:51:15Z INFO ConfigurationStore] IsConfigured()
[2021-02-05 14:51:15Z INFO ConfigurationStore] IsConfigured: True
[2021-02-05 14:51:15Z INFO ConfigurationManager] Is configured: True
[2021-02-05 14:51:15Z INFO ConfigurationStore] Read setting file: 296 chars
[2021-02-05 14:51:15Z INFO ConfigurationManager] Settings Loaded
[2021-02-05 14:51:15Z INFO ConfigurationStore] IsServiceConfigured()
[2021-02-05 14:51:15Z INFO ConfigurationStore] IsServiceConfigured: False
[2021-02-05 14:51:15Z INFO CommandSettings] Command 'run': 'True'
[2021-02-05 14:51:15Z INFO ConfigurationStore] IsConfigured()
[2021-02-05 14:51:15Z INFO ConfigurationStore] IsConfigured: True
[2021-02-05 14:51:15Z INFO ConfigurationManager] Is configured: True
[2021-02-05 14:51:15Z INFO Runner] Could not parse the argument value '' for StartupType. Defaulting to Manual
[2021-02-05 14:51:15Z INFO Runner] Set runner startup type - Manual
[2021-02-05 14:51:15Z INFO CommandSettings] Flag 'once': 'False'
[2021-02-05 14:51:15Z INFO Runner] RunAsync
[2021-02-05 14:51:15Z INFO ConfigurationManager] LoadSettings
[2021-02-05 14:51:15Z INFO ConfigurationStore] IsConfigured()
[2021-02-05 14:51:15Z INFO ConfigurationStore] IsConfigured: True
[2021-02-05 14:51:15Z INFO ConfigurationManager] Is configured: True
[2021-02-05 14:51:15Z INFO ConfigurationManager] Settings Loaded
[2021-02-05 14:51:15Z INFO MessageListener] {
  "AgentId": 2,
  "AgentName": "YOUSSEF",
  "PoolId": 1,
  "PoolName": "Default",
  "ServerUrl": "https://pipelines.actions.githubusercontent.com/dsEezDOEpkxecRpJu6l8825JZ8M3rEiMYf4R2OoC8zxBeOnJiL",
  "GitHubUrl": "https://github.com/UsefSalim/deployReactapp",
  "WorkFolder": "_work"
}
[2021-02-05 14:51:15Z INFO MessageListener] Loading Credentials
[2021-02-05 14:51:15Z INFO ConfigurationStore] HasCredentials()
[2021-02-05 14:51:15Z INFO ConfigurationStore] stored True
[2021-02-05 14:51:15Z INFO CredentialManager] GetCredentialProvider
[2021-02-05 14:51:15Z INFO CredentialManager] Creating type OAuth
[2021-02-05 14:51:15Z INFO CredentialManager] Creating credential type: OAuth
[2021-02-05 14:51:15Z INFO HostContext] Well known directory 'Bin': 'C:\Users\Youcode\Desktop\deploy_reactapp\actions-runner\bin'
[2021-02-05 14:51:15Z INFO HostContext] Well known directory 'Root': 'C:\Users\Youcode\Desktop\deploy_reactapp\actions-runner'
[2021-02-05 14:51:15Z INFO HostContext] Well known config file 'RSACredentials': 'C:\Users\Youcode\Desktop\deploy_reactapp\actions-runner\.credentials_rsaparams'
[2021-02-05 14:51:15Z INFO RSAEncryptedFileKeyManager] Loading RSA key parameters from file C:\Users\Youcode\Desktop\deploy_reactapp\actions-runner\.credentials_rsaparams
[2021-02-05 14:51:15Z INFO MessageListener] Attempt to create session.
[2021-02-05 14:51:15Z INFO MessageListener] Connecting to the Runner Server...
[2021-02-05 14:51:15Z INFO RunnerServer] Establish connection with 100 seconds timeout.
[2021-02-05 14:51:15Z INFO GitHubActionsService] Starting operation Location.GetConnectionData
[2021-02-05 14:51:15Z INFO RunnerServer] Establish connection with 60 seconds timeout.
[2021-02-05 14:51:15Z INFO GitHubActionsService] Starting operation Location.GetConnectionData
[2021-02-05 14:51:15Z INFO RunnerServer] Establish connection with 60 seconds timeout.
[2021-02-05 14:51:15Z INFO GitHubActionsService] Starting operation Location.GetConnectionData
[2021-02-05 14:51:17Z INFO GitHubActionsService] Finished operation Location.GetConnectionData
[2021-02-05 14:51:17Z INFO GitHubActionsService] Finished operation Location.GetConnectionData
[2021-02-05 14:51:17Z INFO GitHubActionsService] Finished operation Location.GetConnectionData
[2021-02-05 14:51:17Z INFO MessageListener] VssConnection created
[2021-02-05 14:51:17Z INFO Terminal] WRITE LINE: 
[2021-02-05 14:51:17Z INFO Terminal] WRITE LINE: 
[2021-02-05 14:51:17Z WARN GitHubActionsService] Authentication failed with status code 401.
WWW-Authenticate: Bearer
Strict-Transport-Security: max-age=2592000
X-TFS-ProcessId: c97fce87-5f14-44ea-9eb4-0c2965e0f5ac
ActivityId: 5dfe4723-c39d-4ba9-a7dc-1ca06cd51093
X-TFS-Session: d1a3b96d-91d4-4859-9a01-b12378bfffb2
X-VSS-E2EID: f4090fb9-7f6a-4a26-b70c-a8cc7b6d2817
X-VSS-SenderDeploymentId: ac98198d-4d34-0364-420d-bafa6e51dce2
X-TFS-ServiceError: The+user+%27System%3aPublicAccess%3baaaaaaaa-aaaa-aaaa-aaaa-aaaaaaaaaaaa%27+is+not+authorized+to+access+this+resource.
X-VSS-S2STargetService: 0000005A-0000-8888-8000-000000000000/visualstudio.com
X-MSEdge-Ref: Ref A: 6A61B8C9F04A455199EE0968424CFB97 Ref B: MAD30EDGE0921 Ref C: 2021-02-05T14:51:18Z
Date: Fri, 05 Feb 2021 14:51:17 GMT

[2021-02-05 14:51:17Z INFO RSAEncryptedFileKeyManager] Loading RSA key parameters from file C:\Users\Youcode\Desktop\deploy_reactapp\actions-runner\.credentials_rsaparams
[2021-02-05 14:51:17Z INFO RSAEncryptedFileKeyManager] Loading RSA key parameters from file C:\Users\Youcode\Desktop\deploy_reactapp\actions-runner\.credentials_rsaparams
[2021-02-05 14:51:19Z INFO GitHubActionsService] AAD Correlation ID for this token request: Unknown
[2021-02-05 14:51:19Z INFO MessageListener] Session created.
[2021-02-05 14:51:19Z INFO Terminal] WRITE LINE: 2021-02-05 14:51:19Z: Listening for Jobs
[2021-02-05 14:51:19Z INFO JobDispatcher] Set runner/worker IPC timeout to 30 seconds.
[2021-02-05 14:52:38Z INFO RSAEncryptedFileKeyManager] Loading RSA key parameters from file C:\Users\Youcode\Desktop\deploy_reactapp\actions-runner\.credentials_rsaparams
[2021-02-05 14:52:38Z INFO MessageListener] Message '1' received from session '7918abc2-2b1e-447c-bf00-90a5b3cf132a'.
[2021-02-05 14:52:38Z INFO JobDispatcher] Job request 1 for plan b3775c74-5cc6-4a70-8523-30f3f42c07bf job 9401685c-2fe3-55d8-df43-398be35d1e48 received.
[2021-02-05 14:52:38Z INFO JobDispatcher] Pull OrchestrationId b3775c74-5cc6-4a70-8523-30f3f42c07bf.build._15_x from JWT claims
[2021-02-05 14:52:38Z INFO Terminal] WRITE LINE: 2021-02-05 14:52:38Z: Running job: build (15.x)
[2021-02-05 14:52:38Z INFO JobDispatcher] Start renew job request 1 for job 9401685c-2fe3-55d8-df43-398be35d1e48.
[2021-02-05 14:52:40Z INFO JobDispatcher] Successfully renew job request 1, job is valid till 05/02/2021 15:02:39
[2021-02-05 14:52:40Z INFO HostContext] Well known directory 'Bin': 'C:\Users\Youcode\Desktop\deploy_reactapp\actions-runner\bin'
[2021-02-05 14:52:40Z INFO ProcessInvokerWrapper] Starting process:
[2021-02-05 14:52:40Z INFO ProcessInvokerWrapper]   File name: 'C:\Users\Youcode\Desktop\deploy_reactapp\actions-runner\bin\Runner.Worker.exe'
[2021-02-05 14:52:40Z INFO ProcessInvokerWrapper]   Arguments: 'spawnclient 2232 2244'
[2021-02-05 14:52:40Z INFO ProcessInvokerWrapper]   Working directory: 'C:\Users\Youcode\Desktop\deploy_reactapp\actions-runner\bin'
[2021-02-05 14:52:40Z INFO ProcessInvokerWrapper]   Require exit code zero: 'False'
[2021-02-05 14:52:40Z INFO ProcessInvokerWrapper]   Encoding web name:  ; code page: ''
[2021-02-05 14:52:40Z INFO ProcessInvokerWrapper]   Force kill process on cancellation: 'True'
[2021-02-05 14:52:40Z INFO ProcessInvokerWrapper]   Redirected STDIN: 'False'
[2021-02-05 14:52:40Z INFO ProcessInvokerWrapper]   Persist current code page: 'False'
[2021-02-05 14:52:40Z INFO ProcessInvokerWrapper]   Keep redirected STDIN open: 'False'
[2021-02-05 14:52:40Z INFO ProcessInvokerWrapper]   High priority process: 'True'
[2021-02-05 14:52:40Z INFO ProcessInvokerWrapper] Process started with process id 13032, waiting for process exit.
[2021-02-05 14:52:40Z INFO JobDispatcher] Send job request message to worker for job 9401685c-2fe3-55d8-df43-398be35d1e48.
[2021-02-05 14:52:41Z INFO JobNotification] Entering JobStarted Notification
[2021-02-05 14:52:41Z INFO JobNotification] Entering StartMonitor
[2021-02-05 14:53:41Z INFO JobDispatcher] Successfully renew job request 1, job is valid till 05/02/2021 15:03:41
[2021-02-05 14:54:41Z INFO JobDispatcher] Successfully renew job request 1, job is valid till 05/02/2021 15:04:41
[2021-02-05 14:55:41Z INFO JobDispatcher] Successfully renew job request 1, job is valid till 05/02/2021 15:05:41
[2021-02-05 14:56:41Z INFO JobDispatcher] Successfully renew job request 1, job is valid till 05/02/2021 15:06:42
[2021-02-05 14:57:42Z INFO JobDispatcher] Successfully renew job request 1, job is valid till 05/02/2021 15:07:42
[2021-02-05 14:58:43Z INFO JobDispatcher] Successfully renew job request 1, job is valid till 05/02/2021 15:08:42
[2021-02-05 14:59:43Z INFO JobDispatcher] Successfully renew job request 1, job is valid till 05/02/2021 15:09:43
[2021-02-05 15:00:43Z INFO JobDispatcher] Successfully renew job request 1, job is valid till 05/02/2021 15:10:44
[2021-02-05 15:01:44Z INFO JobDispatcher] Successfully renew job request 1, job is valid till 05/02/2021 15:11:44
[2021-02-05 15:02:44Z INFO JobDispatcher] Successfully renew job request 1, job is valid till 05/02/2021 15:12:44
[2021-02-05 15:02:55Z INFO ProcessInvokerWrapper] STDOUT/STDERR stream read finished.
[2021-02-05 15:02:55Z INFO ProcessInvokerWrapper] STDOUT/STDERR stream read finished.
[2021-02-05 15:02:55Z INFO ProcessInvokerWrapper] Finished process 13032 with exit code 100, and elapsed time 00:10:14.9931899.
[2021-02-05 15:02:55Z INFO JobDispatcher] Worker finished for job 9401685c-2fe3-55d8-df43-398be35d1e48. Code: 100
[2021-02-05 15:02:55Z INFO JobDispatcher] finish job request for job 9401685c-2fe3-55d8-df43-398be35d1e48 with result: Succeeded
[2021-02-05 15:02:55Z INFO Terminal] WRITE LINE: 2021-02-05 15:02:55Z: Job build (15.x) completed with result: Succeeded
[2021-02-05 15:02:55Z INFO JobDispatcher] Stop renew job request for job 9401685c-2fe3-55d8-df43-398be35d1e48.
[2021-02-05 15:02:55Z INFO JobDispatcher] job renew has been canceled, stop renew job request 1.
[2021-02-05 15:02:55Z INFO JobNotification] Entering JobCompleted Notification
[2021-02-05 15:02:55Z INFO JobNotification] Entering EndMonitor
[2021-02-05 15:02:57Z INFO RSAEncryptedFileKeyManager] Loading RSA key parameters from file C:\Users\Youcode\Desktop\deploy_reactapp\actions-runner\.credentials_rsaparams
[2021-02-05 15:02:57Z INFO MessageListener] Message '2' received from session '7918abc2-2b1e-447c-bf00-90a5b3cf132a'.
[2021-02-05 15:02:57Z INFO JobDispatcher] Job request 2 for plan b3775c74-5cc6-4a70-8523-30f3f42c07bf job 006c7e6f-00a1-57ff-4d9c-5871960fc9e4 received.
[2021-02-05 15:02:57Z INFO JobDispatcher] Pull OrchestrationId b3775c74-5cc6-4a70-8523-30f3f42c07bf.build._14_x from JWT claims
[2021-02-05 15:02:57Z INFO JobDispatcher] Job request 9401685c-2fe3-55d8-df43-398be35d1e48 processed succeed.
[2021-02-05 15:02:57Z INFO Terminal] WRITE LINE: 2021-02-05 15:02:57Z: Running job: build (14.x)
[2021-02-05 15:02:57Z INFO JobDispatcher] Start renew job request 2 for job 006c7e6f-00a1-57ff-4d9c-5871960fc9e4.
[2021-02-05 15:02:57Z INFO JobDispatcher] Successfully renew job request 2, job is valid till 05/02/2021 15:12:58
[2021-02-05 15:02:57Z INFO HostContext] Well known directory 'Bin': 'C:\Users\Youcode\Desktop\deploy_reactapp\actions-runner\bin'
[2021-02-05 15:02:57Z INFO ProcessInvokerWrapper] Starting process:
[2021-02-05 15:02:57Z INFO ProcessInvokerWrapper]   File name: 'C:\Users\Youcode\Desktop\deploy_reactapp\actions-runner\bin\Runner.Worker.exe'
[2021-02-05 15:02:57Z INFO ProcessInvokerWrapper]   Arguments: 'spawnclient 1420 2644'
[2021-02-05 15:02:57Z INFO ProcessInvokerWrapper]   Working directory: 'C:\Users\Youcode\Desktop\deploy_reactapp\actions-runner\bin'
[2021-02-05 15:02:57Z INFO ProcessInvokerWrapper]   Require exit code zero: 'False'
[2021-02-05 15:02:57Z INFO ProcessInvokerWrapper]   Encoding web name:  ; code page: ''
[2021-02-05 15:02:57Z INFO ProcessInvokerWrapper]   Force kill process on cancellation: 'True'
[2021-02-05 15:02:57Z INFO ProcessInvokerWrapper]   Redirected STDIN: 'False'
[2021-02-05 15:02:57Z INFO ProcessInvokerWrapper]   Persist current code page: 'False'
[2021-02-05 15:02:57Z INFO ProcessInvokerWrapper]   Keep redirected STDIN open: 'False'
[2021-02-05 15:02:57Z INFO ProcessInvokerWrapper]   High priority process: 'True'
[2021-02-05 15:02:57Z INFO ProcessInvokerWrapper] Process started with process id 9820, waiting for process exit.
[2021-02-05 15:02:57Z INFO JobDispatcher] Send job request message to worker for job 006c7e6f-00a1-57ff-4d9c-5871960fc9e4.
[2021-02-05 15:02:58Z INFO JobNotification] Entering JobStarted Notification
[2021-02-05 15:02:58Z INFO JobNotification] Entering StartMonitor
[2021-02-05 15:03:58Z INFO JobDispatcher] Successfully renew job request 2, job is valid till 05/02/2021 15:13:58
[2021-02-05 15:04:58Z INFO JobDispatcher] Successfully renew job request 2, job is valid till 05/02/2021 15:14:59
[2021-02-05 15:05:59Z INFO JobDispatcher] Successfully renew job request 2, job is valid till 05/02/2021 15:15:59
[2021-02-05 15:06:59Z INFO JobDispatcher] Successfully renew job request 2, job is valid till 05/02/2021 15:16:59
[2021-02-05 15:08:04Z INFO JobDispatcher] Successfully renew job request 2, job is valid till 05/02/2021 15:17:59
[2021-02-05 15:09:05Z INFO JobDispatcher] Successfully renew job request 2, job is valid till 05/02/2021 15:19:05
[2021-02-05 15:10:05Z INFO JobDispatcher] Successfully renew job request 2, job is valid till 05/02/2021 15:20:05
[2021-02-05 15:11:05Z INFO JobDispatcher] Successfully renew job request 2, job is valid till 05/02/2021 15:21:06
[2021-02-05 15:12:06Z INFO JobDispatcher] Successfully renew job request 2, job is valid till 05/02/2021 15:22:06
[2021-02-05 15:13:06Z INFO JobDispatcher] Successfully renew job request 2, job is valid till 05/02/2021 15:23:07
[2021-02-05 15:13:53Z INFO ProcessInvokerWrapper] STDOUT/STDERR stream read finished.
[2021-02-05 15:13:53Z INFO ProcessInvokerWrapper] STDOUT/STDERR stream read finished.
[2021-02-05 15:13:53Z INFO ProcessInvokerWrapper] Finished process 9820 with exit code 100, and elapsed time 00:10:55.2223833.
[2021-02-05 15:13:53Z INFO JobDispatcher] Worker finished for job 006c7e6f-00a1-57ff-4d9c-5871960fc9e4. Code: 100
[2021-02-05 15:13:53Z INFO JobDispatcher] finish job request for job 006c7e6f-00a1-57ff-4d9c-5871960fc9e4 with result: Succeeded
[2021-02-05 15:13:53Z INFO Terminal] WRITE LINE: 2021-02-05 15:13:53Z: Job build (14.x) completed with result: Succeeded
[2021-02-05 15:13:53Z INFO JobDispatcher] Stop renew job request for job 006c7e6f-00a1-57ff-4d9c-5871960fc9e4.
[2021-02-05 15:13:53Z INFO JobDispatcher] job renew has been canceled, stop renew job request 2.
[2021-02-05 15:13:53Z INFO JobNotification] Entering JobCompleted Notification
[2021-02-05 15:13:53Z INFO JobNotification] Entering EndMonitor
[2021-02-05 15:18:30Z INFO Terminal] WRITE LINE: Exiting...
[2021-02-05 15:18:30Z INFO ConfigurationStore] IsServiceConfigured()
[2021-02-05 15:18:30Z INFO ConfigurationStore] IsServiceConfigured: False
[2021-02-05 15:18:30Z INFO HostContext] Runner will be shutdown for UserCancelled
[2021-02-05 15:18:30Z WARN GitHubActionsService] GET request to https://pipelines.actions.githubusercontent.com/dsEezDOEpkxecRpJu6l8825JZ8M3rEiMYf4R2OoC8zxBeOnJiL/_apis/distributedtask/pools/1/messages?sessionId=7918abc2-2b1e-447c-bf00-90a5b3cf132a&lastMessageId=2 has been cancelled.
[2021-02-05 15:18:30Z INFO MessageListener] Get next message has been cancelled.
[2021-02-05 15:18:30Z INFO JobDispatcher] Shutting down JobDispatcher. Make sure all WorkerDispatcher has finished.
[2021-02-05 15:18:30Z INFO JobDispatcher] Ensure WorkerDispather for job 006c7e6f-00a1-57ff-4d9c-5871960fc9e4 run to finish, cancel any running job.
[2021-02-05 15:18:30Z INFO JobDispatcher] Job request 006c7e6f-00a1-57ff-4d9c-5871960fc9e4 processed succeed.
[2021-02-05 15:18:31Z INFO Listener] Runner execution been cancelled.
