[2021-02-05 15:18:36Z INFO HostContext] No proxy settings were found based on environmental variables (http_proxy/https_proxy/HTTP_PROXY/HTTPS_PROXY)
[2021-02-05 15:18:36Z INFO HostContext] Well known directory 'Bin': 'C:\Users\Youcode\Desktop\deploy_reactapp\actions-runner\bin'
[2021-02-05 15:18:36Z INFO HostContext] Well known directory 'Root': 'C:\Users\Youcode\Desktop\deploy_reactapp\actions-runner'
[2021-02-05 15:18:36Z INFO HostContext] Well known config file 'Credentials': 'C:\Users\Youcode\Desktop\deploy_reactapp\actions-runner\.credentials'
[2021-02-05 15:18:36Z INFO Listener] Runner is built for Windows (X64) - win-x64.
[2021-02-05 15:18:36Z INFO Listener] RuntimeInformation: Microsoft Windows 10.0.19042.
[2021-02-05 15:18:36Z INFO Listener] Version: 2.276.1
[2021-02-05 15:18:36Z INFO Listener] Commit: 5effa808be96eae7f2e08d713426b8d056bddff1
[2021-02-05 15:18:36Z INFO Listener] Culture: fr-FR
[2021-02-05 15:18:36Z INFO Listener] UI Culture: fr-FR
[2021-02-05 15:18:36Z INFO HostContext] Well known directory 'Bin': 'C:\Users\Youcode\Desktop\deploy_reactapp\actions-runner\bin'
[2021-02-05 15:18:36Z INFO HostContext] Well known directory 'Root': 'C:\Users\Youcode\Desktop\deploy_reactapp\actions-runner'
[2021-02-05 15:18:36Z INFO Listener] Validating directory permissions for: 'C:\Users\Youcode\Desktop\deploy_reactapp\actions-runner'
[2021-02-05 15:18:36Z INFO CommandLineParser] Parse
[2021-02-05 15:18:36Z INFO CommandLineParser] Parsing 1 args
[2021-02-05 15:18:36Z INFO CommandLineParser] parsing argument
[2021-02-05 15:18:36Z INFO CommandLineParser] HasArgs: False
[2021-02-05 15:18:36Z INFO CommandLineParser] Adding Command: run
[2021-02-05 15:18:36Z INFO Listener] Arguments parsed
[2021-02-05 15:18:36Z INFO Runner] ExecuteCommand
[2021-02-05 15:18:36Z INFO ConfigurationStore] currentAssemblyLocation: C:\Users\Youcode\Desktop\deploy_reactapp\actions-runner\bin\Runner.Listener.dll
[2021-02-05 15:18:36Z INFO HostContext] Well known directory 'Bin': 'C:\Users\Youcode\Desktop\deploy_reactapp\actions-runner\bin'
[2021-02-05 15:18:36Z INFO ConfigurationStore] binPath: C:\Users\Youcode\Desktop\deploy_reactapp\actions-runner\bin
[2021-02-05 15:18:36Z INFO HostContext] Well known directory 'Bin': 'C:\Users\Youcode\Desktop\deploy_reactapp\actions-runner\bin'
[2021-02-05 15:18:36Z INFO HostContext] Well known directory 'Root': 'C:\Users\Youcode\Desktop\deploy_reactapp\actions-runner'
[2021-02-05 15:18:36Z INFO ConfigurationStore] RootFolder: C:\Users\Youcode\Desktop\deploy_reactapp\actions-runner
[2021-02-05 15:18:36Z INFO HostContext] Well known directory 'Bin': 'C:\Users\Youcode\Desktop\deploy_reactapp\actions-runner\bin'
[2021-02-05 15:18:36Z INFO HostContext] Well known directory 'Root': 'C:\Users\Youcode\Desktop\deploy_reactapp\actions-runner'
[2021-02-05 15:18:36Z INFO HostContext] Well known config file 'Runner': 'C:\Users\Youcode\Desktop\deploy_reactapp\actions-runner\.runner'
[2021-02-05 15:18:36Z INFO ConfigurationStore] ConfigFilePath: C:\Users\Youcode\Desktop\deploy_reactapp\actions-runner\.runner
[2021-02-05 15:18:36Z INFO HostContext] Well known directory 'Bin': 'C:\Users\Youcode\Desktop\deploy_reactapp\actions-runner\bin'
[2021-02-05 15:18:36Z INFO HostContext] Well known directory 'Root': 'C:\Users\Youcode\Desktop\deploy_reactapp\actions-runner'
[2021-02-05 15:18:36Z INFO HostContext] Well known config file 'Credentials': 'C:\Users\Youcode\Desktop\deploy_reactapp\actions-runner\.credentials'
[2021-02-05 15:18:36Z INFO ConfigurationStore] CredFilePath: C:\Users\Youcode\Desktop\deploy_reactapp\actions-runner\.credentials
[2021-02-05 15:18:36Z INFO HostContext] Well known directory 'Bin': 'C:\Users\Youcode\Desktop\deploy_reactapp\actions-runner\bin'
[2021-02-05 15:18:36Z INFO HostContext] Well known directory 'Root': 'C:\Users\Youcode\Desktop\deploy_reactapp\actions-runner'
[2021-02-05 15:18:36Z INFO HostContext] Well known config file 'MigratedCredentials': 'C:\Users\Youcode\Desktop\deploy_reactapp\actions-runner\.credentials_migrated'
[2021-02-05 15:18:36Z INFO ConfigurationStore] MigratedCredFilePath: C:\Users\Youcode\Desktop\deploy_reactapp\actions-runner\.credentials_migrated
[2021-02-05 15:18:36Z INFO HostContext] Well known directory 'Bin': 'C:\Users\Youcode\Desktop\deploy_reactapp\actions-runner\bin'
[2021-02-05 15:18:36Z INFO HostContext] Well known directory 'Root': 'C:\Users\Youcode\Desktop\deploy_reactapp\actions-runner'
[2021-02-05 15:18:36Z INFO HostContext] Well known config file 'Service': 'C:\Users\Youcode\Desktop\deploy_reactapp\actions-runner\.service'
[2021-02-05 15:18:36Z INFO ConfigurationStore] ServiceConfigFilePath: C:\Users\Youcode\Desktop\deploy_reactapp\actions-runner\.service
[2021-02-05 15:18:36Z INFO CommandSettings] Flag 'help': 'False'
[2021-02-05 15:18:36Z INFO CommandSettings] Flag 'version': 'False'
[2021-02-05 15:18:36Z INFO CommandSettings] Flag 'commit': 'False'
[2021-02-05 15:18:36Z INFO CommandSettings] Flag 'check': 'False'
[2021-02-05 15:18:36Z INFO CommandSettings] Command 'configure': 'False'
[2021-02-05 15:18:36Z INFO CommandSettings] Command 'remove': 'False'
[2021-02-05 15:18:36Z INFO CommandSettings] Command 'warmup': 'False'
[2021-02-05 15:18:36Z INFO ConfigurationManager] LoadSettings
[2021-02-05 15:18:36Z INFO ConfigurationStore] IsConfigured()
[2021-02-05 15:18:36Z INFO ConfigurationStore] IsConfigured: True
[2021-02-05 15:18:36Z INFO ConfigurationManager] Is configured: True
[2021-02-05 15:18:36Z INFO ConfigurationStore] Read setting file: 296 chars
[2021-02-05 15:18:36Z INFO ConfigurationManager] Settings Loaded
[2021-02-05 15:18:36Z INFO ConfigurationStore] IsServiceConfigured()
[2021-02-05 15:18:36Z INFO ConfigurationStore] IsServiceConfigured: False
[2021-02-05 15:18:36Z INFO CommandSettings] Command 'run': 'True'
[2021-02-05 15:18:36Z INFO ConfigurationStore] IsConfigured()
[2021-02-05 15:18:36Z INFO ConfigurationStore] IsConfigured: True
[2021-02-05 15:18:36Z INFO ConfigurationManager] Is configured: True
[2021-02-05 15:18:36Z INFO Runner] Could not parse the argument value '' for StartupType. Defaulting to Manual
[2021-02-05 15:18:36Z INFO Runner] Set runner startup type - Manual
[2021-02-05 15:18:36Z INFO CommandSettings] Flag 'once': 'False'
[2021-02-05 15:18:36Z INFO Runner] RunAsync
[2021-02-05 15:18:36Z INFO ConfigurationManager] LoadSettings
[2021-02-05 15:18:36Z INFO ConfigurationStore] IsConfigured()
[2021-02-05 15:18:36Z INFO ConfigurationStore] IsConfigured: True
[2021-02-05 15:18:36Z INFO ConfigurationManager] Is configured: True
[2021-02-05 15:18:36Z INFO ConfigurationManager] Settings Loaded
[2021-02-05 15:18:36Z INFO MessageListener] {
  "AgentId": 2,
  "AgentName": "YOUSSEF",
  "PoolId": 1,
  "PoolName": "Default",
  "ServerUrl": "https://pipelines.actions.githubusercontent.com/dsEezDOEpkxecRpJu6l8825JZ8M3rEiMYf4R2OoC8zxBeOnJiL",
  "GitHubUrl": "https://github.com/UsefSalim/deployReactapp",
  "WorkFolder": "_work"
}
[2021-02-05 15:18:36Z INFO MessageListener] Loading Credentials
[2021-02-05 15:18:36Z INFO ConfigurationStore] HasCredentials()
[2021-02-05 15:18:36Z INFO ConfigurationStore] stored True
[2021-02-05 15:18:36Z INFO CredentialManager] GetCredentialProvider
[2021-02-05 15:18:36Z INFO CredentialManager] Creating type OAuth
[2021-02-05 15:18:36Z INFO CredentialManager] Creating credential type: OAuth
[2021-02-05 15:18:36Z INFO HostContext] Well known directory 'Bin': 'C:\Users\Youcode\Desktop\deploy_reactapp\actions-runner\bin'
[2021-02-05 15:18:36Z INFO HostContext] Well known directory 'Root': 'C:\Users\Youcode\Desktop\deploy_reactapp\actions-runner'
[2021-02-05 15:18:36Z INFO HostContext] Well known config file 'RSACredentials': 'C:\Users\Youcode\Desktop\deploy_reactapp\actions-runner\.credentials_rsaparams'
[2021-02-05 15:18:36Z INFO RSAEncryptedFileKeyManager] Loading RSA key parameters from file C:\Users\Youcode\Desktop\deploy_reactapp\actions-runner\.credentials_rsaparams
[2021-02-05 15:18:36Z INFO MessageListener] Attempt to create session.
[2021-02-05 15:18:36Z INFO MessageListener] Connecting to the Runner Server...
[2021-02-05 15:18:36Z INFO RunnerServer] Establish connection with 100 seconds timeout.
[2021-02-05 15:18:37Z INFO GitHubActionsService] Starting operation Location.GetConnectionData
[2021-02-05 15:18:37Z INFO RunnerServer] Establish connection with 60 seconds timeout.
[2021-02-05 15:18:37Z INFO GitHubActionsService] Starting operation Location.GetConnectionData
[2021-02-05 15:18:37Z INFO RunnerServer] Establish connection with 60 seconds timeout.
[2021-02-05 15:18:37Z INFO GitHubActionsService] Starting operation Location.GetConnectionData
[2021-02-05 15:18:38Z INFO GitHubActionsService] Finished operation Location.GetConnectionData
[2021-02-05 15:18:38Z INFO GitHubActionsService] Finished operation Location.GetConnectionData
[2021-02-05 15:18:38Z INFO GitHubActionsService] Finished operation Location.GetConnectionData
[2021-02-05 15:18:38Z INFO MessageListener] VssConnection created
[2021-02-05 15:18:38Z INFO Terminal] WRITE LINE: 
[2021-02-05 15:18:38Z INFO Terminal] WRITE LINE: 
[2021-02-05 15:18:38Z WARN GitHubActionsService] Authentication failed with status code 401.
WWW-Authenticate: Bearer
Strict-Transport-Security: max-age=2592000
X-TFS-ProcessId: 9041f8b5-07d1-4e31-8516-3dfed1b927fd
ActivityId: b0443777-68ab-4073-90cd-834cd26df8b1
X-TFS-Session: 23e7728d-2df1-4bd9-8b53-ab3630ad1f07
X-VSS-E2EID: 7ad22310-2eb9-45fc-900b-f5061516d23b
X-VSS-SenderDeploymentId: ac98198d-4d34-0364-420d-bafa6e51dce2
X-TFS-ServiceError: The+user+%27System%3aPublicAccess%3baaaaaaaa-aaaa-aaaa-aaaa-aaaaaaaaaaaa%27+is+not+authorized+to+access+this+resource.
X-VSS-S2STargetService: 0000005A-0000-8888-8000-000000000000/visualstudio.com
X-MSEdge-Ref: Ref A: E94701EA39844F9181854F8C7B6C2B87 Ref B: MAD30EDGE1010 Ref C: 2021-02-05T15:18:39Z
Date: Fri, 05 Feb 2021 15:18:38 GMT

[2021-02-05 15:18:39Z INFO RSAEncryptedFileKeyManager] Loading RSA key parameters from file C:\Users\Youcode\Desktop\deploy_reactapp\actions-runner\.credentials_rsaparams
[2021-02-05 15:18:39Z INFO RSAEncryptedFileKeyManager] Loading RSA key parameters from file C:\Users\Youcode\Desktop\deploy_reactapp\actions-runner\.credentials_rsaparams
[2021-02-05 15:18:40Z INFO GitHubActionsService] AAD Correlation ID for this token request: Unknown
[2021-02-05 15:18:40Z INFO MessageListener] Session created.
[2021-02-05 15:18:40Z INFO Terminal] WRITE LINE: 2021-02-05 15:18:40Z: Listening for Jobs
[2021-02-05 15:18:40Z INFO JobDispatcher] Set runner/worker IPC timeout to 30 seconds.
[2021-02-05 15:18:58Z INFO Terminal] WRITE LINE: Exiting...
[2021-02-05 15:18:58Z INFO ConfigurationStore] IsServiceConfigured()
[2021-02-05 15:18:58Z INFO ConfigurationStore] IsServiceConfigured: False
[2021-02-05 15:18:58Z INFO HostContext] Runner will be shutdown for UserCancelled
[2021-02-05 15:18:58Z WARN GitHubActionsService] GET request to https://pipelines.actions.githubusercontent.com/dsEezDOEpkxecRpJu6l8825JZ8M3rEiMYf4R2OoC8zxBeOnJiL/_apis/distributedtask/pools/1/messages?sessionId=74963e89-9c0a-41b0-bd77-74c13ce424b6 has been cancelled.
[2021-02-05 15:18:58Z INFO MessageListener] Get next message has been cancelled.
[2021-02-05 15:18:58Z INFO JobDispatcher] Shutting down JobDispatcher. Make sure all WorkerDispatcher has finished.
[2021-02-05 15:18:59Z INFO Listener] Runner execution been cancelled.
