[2021-02-05 14:49:45Z INFO HostContext] No proxy settings were found based on environmental variables (http_proxy/https_proxy/HTTP_PROXY/HTTPS_PROXY)
[2021-02-05 14:49:45Z INFO HostContext] Well known directory 'Bin': 'C:\Users\Youcode\Desktop\deploy_reactapp\actions-runner\bin'
[2021-02-05 14:49:45Z INFO HostContext] Well known directory 'Root': 'C:\Users\Youcode\Desktop\deploy_reactapp\actions-runner'
[2021-02-05 14:49:45Z INFO HostContext] Well known config file 'Credentials': 'C:\Users\Youcode\Desktop\deploy_reactapp\actions-runner\.credentials'
[2021-02-05 14:49:45Z INFO Listener] Runner is built for Windows (X64) - win-x64.
[2021-02-05 14:49:45Z INFO Listener] RuntimeInformation: Microsoft Windows 10.0.19042.
[2021-02-05 14:49:45Z INFO Listener] Version: 2.276.1
[2021-02-05 14:49:45Z INFO Listener] Commit: 5effa808be96eae7f2e08d713426b8d056bddff1
[2021-02-05 14:49:45Z INFO Listener] Culture: fr-FR
[2021-02-05 14:49:45Z INFO Listener] UI Culture: fr-FR
[2021-02-05 14:49:45Z INFO HostContext] Well known directory 'Bin': 'C:\Users\Youcode\Desktop\deploy_reactapp\actions-runner\bin'
[2021-02-05 14:49:45Z INFO HostContext] Well known directory 'Root': 'C:\Users\Youcode\Desktop\deploy_reactapp\actions-runner'
[2021-02-05 14:49:45Z INFO Listener] Validating directory permissions for: 'C:\Users\Youcode\Desktop\deploy_reactapp\actions-runner'
[2021-02-05 14:49:45Z INFO CommandLineParser] Parse
[2021-02-05 14:49:45Z INFO CommandLineParser] Parsing 5 args
[2021-02-05 14:49:45Z INFO CommandLineParser] parsing argument
[2021-02-05 14:49:45Z INFO CommandLineParser] HasArgs: False
[2021-02-05 14:49:45Z INFO CommandLineParser] Adding Command: configure
[2021-02-05 14:49:45Z INFO CommandLineParser] parsing argument
[2021-02-05 14:49:45Z INFO CommandLineParser] HasArgs: True
[2021-02-05 14:49:45Z INFO CommandLineParser] arg: url
[2021-02-05 14:49:45Z INFO CommandLineParser] parsing argument
[2021-02-05 14:49:45Z INFO CommandLineParser] HasArgs: True
[2021-02-05 14:49:45Z INFO CommandLineParser] Adding option 'url': 'https://github.com/UsefSalim/deployReactapp'
[2021-02-05 14:49:45Z INFO CommandLineParser] parsing argument
[2021-02-05 14:49:45Z INFO CommandLineParser] HasArgs: True
[2021-02-05 14:49:45Z INFO CommandLineParser] arg: token
[2021-02-05 14:49:45Z INFO CommandLineParser] parsing argument
[2021-02-05 14:49:45Z INFO CommandLineParser] HasArgs: True
[2021-02-05 14:49:45Z INFO CommandLineParser] Adding option 'token': '***'
[2021-02-05 14:49:45Z INFO Listener] Arguments parsed
[2021-02-05 14:49:45Z INFO Runner] ExecuteCommand
[2021-02-05 14:49:45Z INFO ConfigurationStore] currentAssemblyLocation: C:\Users\Youcode\Desktop\deploy_reactapp\actions-runner\bin\Runner.Listener.dll
[2021-02-05 14:49:45Z INFO HostContext] Well known directory 'Bin': 'C:\Users\Youcode\Desktop\deploy_reactapp\actions-runner\bin'
[2021-02-05 14:49:45Z INFO ConfigurationStore] binPath: C:\Users\Youcode\Desktop\deploy_reactapp\actions-runner\bin
[2021-02-05 14:49:45Z INFO HostContext] Well known directory 'Bin': 'C:\Users\Youcode\Desktop\deploy_reactapp\actions-runner\bin'
[2021-02-05 14:49:45Z INFO HostContext] Well known directory 'Root': 'C:\Users\Youcode\Desktop\deploy_reactapp\actions-runner'
[2021-02-05 14:49:45Z INFO ConfigurationStore] RootFolder: C:\Users\Youcode\Desktop\deploy_reactapp\actions-runner
[2021-02-05 14:49:45Z INFO HostContext] Well known directory 'Bin': 'C:\Users\Youcode\Desktop\deploy_reactapp\actions-runner\bin'
[2021-02-05 14:49:45Z INFO HostContext] Well known directory 'Root': 'C:\Users\Youcode\Desktop\deploy_reactapp\actions-runner'
[2021-02-05 14:49:45Z INFO HostContext] Well known config file 'Runner': 'C:\Users\Youcode\Desktop\deploy_reactapp\actions-runner\.runner'
[2021-02-05 14:49:45Z INFO ConfigurationStore] ConfigFilePath: C:\Users\Youcode\Desktop\deploy_reactapp\actions-runner\.runner
[2021-02-05 14:49:45Z INFO HostContext] Well known directory 'Bin': 'C:\Users\Youcode\Desktop\deploy_reactapp\actions-runner\bin'
[2021-02-05 14:49:45Z INFO HostContext] Well known directory 'Root': 'C:\Users\Youcode\Desktop\deploy_reactapp\actions-runner'
[2021-02-05 14:49:45Z INFO HostContext] Well known config file 'Credentials': 'C:\Users\Youcode\Desktop\deploy_reactapp\actions-runner\.credentials'
[2021-02-05 14:49:45Z INFO ConfigurationStore] CredFilePath: C:\Users\Youcode\Desktop\deploy_reactapp\actions-runner\.credentials
[2021-02-05 14:49:45Z INFO HostContext] Well known directory 'Bin': 'C:\Users\Youcode\Desktop\deploy_reactapp\actions-runner\bin'
[2021-02-05 14:49:45Z INFO HostContext] Well known directory 'Root': 'C:\Users\Youcode\Desktop\deploy_reactapp\actions-runner'
[2021-02-05 14:49:45Z INFO HostContext] Well known config file 'MigratedCredentials': 'C:\Users\Youcode\Desktop\deploy_reactapp\actions-runner\.credentials_migrated'
[2021-02-05 14:49:45Z INFO ConfigurationStore] MigratedCredFilePath: C:\Users\Youcode\Desktop\deploy_reactapp\actions-runner\.credentials_migrated
[2021-02-05 14:49:45Z INFO HostContext] Well known directory 'Bin': 'C:\Users\Youcode\Desktop\deploy_reactapp\actions-runner\bin'
[2021-02-05 14:49:45Z INFO HostContext] Well known directory 'Root': 'C:\Users\Youcode\Desktop\deploy_reactapp\actions-runner'
[2021-02-05 14:49:45Z INFO HostContext] Well known config file 'Service': 'C:\Users\Youcode\Desktop\deploy_reactapp\actions-runner\.service'
[2021-02-05 14:49:45Z INFO ConfigurationStore] ServiceConfigFilePath: C:\Users\Youcode\Desktop\deploy_reactapp\actions-runner\.service
[2021-02-05 14:49:45Z INFO CommandSettings] Flag 'help': 'False'
[2021-02-05 14:49:45Z INFO CommandSettings] Flag 'version': 'False'
[2021-02-05 14:49:45Z INFO CommandSettings] Flag 'commit': 'False'
[2021-02-05 14:49:45Z INFO CommandSettings] Flag 'check': 'False'
[2021-02-05 14:49:45Z INFO CommandSettings] Command 'configure': 'True'
[2021-02-05 14:49:45Z INFO Terminal] WRITE LINE: 
[2021-02-05 14:49:45Z INFO Terminal] WRITE LINE: --------------------------------------------------------------------------------
[2021-02-05 14:49:45Z INFO Terminal] WRITE LINE: |        ____ _ _   _   _       _          _        _   _                      |
[2021-02-05 14:49:45Z INFO Terminal] WRITE LINE: |       / ___(_) |_| | | |_   _| |__      / \   ___| |_(_) ___  _ __  ___      |
[2021-02-05 14:49:45Z INFO Terminal] WRITE LINE: |      | |  _| | __| |_| | | | | '_ \    / _ \ / __| __| |/ _ \| '_ \/ __|     |
[2021-02-05 14:49:45Z INFO Terminal] WRITE LINE: |      | |_| | | |_|  _  | |_| | |_) |  / ___ \ (__| |_| | (_) | | | \__ \     |
[2021-02-05 14:49:45Z INFO Terminal] WRITE LINE: |       \____|_|\__|_| |_|\__,_|_.__/  /_/   \_\___|\__|_|\___/|_| |_|___/     |
[2021-02-05 14:49:45Z INFO Terminal] WRITE LINE: |                                                                              |
[2021-02-05 14:49:45Z INFO Terminal] WRITE: |                       
[2021-02-05 14:49:45Z INFO Terminal] WRITE: Self-hosted runner registration
[2021-02-05 14:49:45Z INFO Terminal] WRITE LINE:                         |
[2021-02-05 14:49:45Z INFO Terminal] WRITE LINE: |                                                                              |
[2021-02-05 14:49:45Z INFO Terminal] WRITE LINE: --------------------------------------------------------------------------------
[2021-02-05 14:49:45Z INFO ConfigurationManager] ConfigureAsync
[2021-02-05 14:49:45Z INFO ConfigurationStore] IsConfigured()
[2021-02-05 14:49:45Z INFO ConfigurationStore] IsConfigured: False
[2021-02-05 14:49:45Z INFO ConfigurationManager] Is configured: False
[2021-02-05 14:49:45Z INFO CommandSettings] Arg 'url': 'https://github.com/UsefSalim/deployReactapp'
[2021-02-05 14:49:45Z INFO CommandSettings] Remove url from Arg dictionary.
[2021-02-05 14:49:45Z INFO CommandSettings] Arg 'token': '***'
[2021-02-05 14:49:45Z INFO CommandSettings] Remove token from Arg dictionary.
[2021-02-05 14:49:46Z INFO ConfigurationManager] Http response code: OK from 'POST https://api.github.com/actions/runner-registration'
[2021-02-05 14:49:46Z INFO ConfigurationManager] cred retrieved via GitHub auth
[2021-02-05 14:49:46Z INFO RunnerServer] Establish connection with 100 seconds timeout.
[2021-02-05 14:49:47Z INFO GitHubActionsService] Starting operation Location.GetConnectionData
[2021-02-05 14:49:47Z INFO RunnerServer] Establish connection with 60 seconds timeout.
[2021-02-05 14:49:47Z INFO GitHubActionsService] Starting operation Location.GetConnectionData
[2021-02-05 14:49:47Z INFO RunnerServer] Establish connection with 60 seconds timeout.
[2021-02-05 14:49:47Z INFO GitHubActionsService] Starting operation Location.GetConnectionData
[2021-02-05 14:49:49Z INFO GitHubActionsService] Finished operation Location.GetConnectionData
[2021-02-05 14:49:49Z INFO GitHubActionsService] Finished operation Location.GetConnectionData
[2021-02-05 14:49:49Z INFO GitHubActionsService] Finished operation Location.GetConnectionData
[2021-02-05 14:49:49Z INFO Terminal] WRITE LINE: 
[2021-02-05 14:49:49Z INFO ConfigurationManager] Test Connection complete.
[2021-02-05 14:49:49Z INFO HostContext] Well known directory 'Bin': 'C:\Users\Youcode\Desktop\deploy_reactapp\actions-runner\bin'
[2021-02-05 14:49:49Z INFO HostContext] Well known directory 'Root': 'C:\Users\Youcode\Desktop\deploy_reactapp\actions-runner'
[2021-02-05 14:49:49Z INFO HostContext] Well known config file 'RSACredentials': 'C:\Users\Youcode\Desktop\deploy_reactapp\actions-runner\.credentials_rsaparams'
[2021-02-05 14:49:49Z INFO RSAEncryptedFileKeyManager] Creating new RSA key using 2048-bit key length
[2021-02-05 14:49:50Z INFO RSAEncryptedFileKeyManager] Successfully saved RSA key parameters to file C:\Users\Youcode\Desktop\deploy_reactapp\actions-runner\.credentials_rsaparams
[2021-02-05 14:49:50Z INFO ConfigurationManager] Found a self-hosted runner group with id {1} and name {2} 1, Default
[2021-02-05 14:49:50Z INFO CommandSettings] Arg 'name': ''
[2021-02-05 14:49:50Z INFO CommandSettings] Flag 'unattended': 'False'
[2021-02-05 14:49:50Z INFO PromptManager] ReadValue
[2021-02-05 14:49:50Z INFO Terminal] WRITE: Enter the name of runner: 
[2021-02-05 14:49:50Z INFO Terminal] WRITE: [press Enter for YOUSSEF] 
[2021-02-05 14:49:50Z INFO Terminal] READ LINE
[2021-02-05 14:50:02Z INFO Terminal] Read value: ''
[2021-02-05 14:50:02Z INFO PromptManager] Falling back to the default: 'YOUSSEF'
[2021-02-05 14:50:02Z INFO Terminal] WRITE LINE: 
[2021-02-05 14:50:02Z INFO CommandSettings] Arg 'labels': ''
[2021-02-05 14:50:02Z INFO CommandSettings] Flag 'unattended': 'False'
[2021-02-05 14:50:02Z INFO PromptManager] ReadValue
[2021-02-05 14:50:02Z INFO Terminal] WRITE: This runner will have the following labels: 'self-hosted', 'Windows', 'X64' 
Enter any additional labels (ex. label-1,label-2): 
[2021-02-05 14:50:02Z INFO Terminal] WRITE: [press Enter to skip] 
[2021-02-05 14:50:02Z INFO Terminal] READ LINE
[2021-02-05 14:50:14Z INFO Terminal] Read value: ''
[2021-02-05 14:50:14Z INFO Terminal] WRITE LINE: 
[2021-02-05 14:50:15Z INFO ConfigurationStore] Saving OAuth credential @ C:\Users\Youcode\Desktop\deploy_reactapp\actions-runner\.credentials
[2021-02-05 14:50:15Z INFO ConfigurationStore] Credentials Saved.
[2021-02-05 14:50:15Z INFO ConfigurationStore] HasCredentials()
[2021-02-05 14:50:15Z INFO ConfigurationStore] stored True
[2021-02-05 14:50:15Z INFO CredentialManager] GetCredentialProvider
[2021-02-05 14:50:15Z INFO CredentialManager] Creating type OAuth
[2021-02-05 14:50:15Z INFO CredentialManager] Creating credential type: OAuth
[2021-02-05 14:50:15Z INFO RSAEncryptedFileKeyManager] Loading RSA key parameters from file C:\Users\Youcode\Desktop\deploy_reactapp\actions-runner\.credentials_rsaparams
[2021-02-05 14:50:15Z INFO RunnerServer] Establish connection with 100 seconds timeout.
[2021-02-05 14:50:15Z INFO GitHubActionsService] Starting operation Location.GetConnectionData
[2021-02-05 14:50:15Z INFO RunnerServer] Establish connection with 60 seconds timeout.
[2021-02-05 14:50:15Z INFO GitHubActionsService] Starting operation Location.GetConnectionData
[2021-02-05 14:50:15Z INFO RunnerServer] Establish connection with 60 seconds timeout.
[2021-02-05 14:50:15Z INFO GitHubActionsService] Starting operation Location.GetConnectionData
[2021-02-05 14:50:16Z INFO GitHubActionsService] Finished operation Location.GetConnectionData
[2021-02-05 14:50:16Z INFO GitHubActionsService] Finished operation Location.GetConnectionData
[2021-02-05 14:50:16Z INFO GitHubActionsService] Finished operation Location.GetConnectionData
[2021-02-05 14:50:17Z WARN GitHubActionsService] Authentication failed with status code 401.
WWW-Authenticate: Bearer
Strict-Transport-Security: max-age=2592000
X-TFS-ProcessId: 9041f8b5-07d1-4e31-8516-3dfed1b927fd
ActivityId: b043b261-68ab-4073-90cd-834cd26df8b1
X-TFS-Session: a7dbe056-0352-490c-bb62-5b7a431daccb
X-VSS-E2EID: 428c5063-a7c3-4d52-8718-be2082f1c604
X-VSS-SenderDeploymentId: ac98198d-4d34-0364-420d-bafa6e51dce2
X-TFS-ServiceError: The+user+%27System%3aPublicAccess%3baaaaaaaa-aaaa-aaaa-aaaa-aaaaaaaaaaaa%27+is+not+authorized+to+access+this+resource.
X-VSS-S2STargetService: 0000005A-0000-8888-8000-000000000000/visualstudio.com
X-MSEdge-Ref: Ref A: 422C6173B06C4DD6BD82CD4A01665EE5 Ref B: MAD30EDGE0909 Ref C: 2021-02-05T14:50:17Z
Date: Fri, 05 Feb 2021 14:50:16 GMT

[2021-02-05 14:50:17Z INFO RSAEncryptedFileKeyManager] Loading RSA key parameters from file C:\Users\Youcode\Desktop\deploy_reactapp\actions-runner\.credentials_rsaparams
[2021-02-05 14:50:17Z INFO RSAEncryptedFileKeyManager] Loading RSA key parameters from file C:\Users\Youcode\Desktop\deploy_reactapp\actions-runner\.credentials_rsaparams
[2021-02-05 14:50:18Z INFO GitHubActionsService] AAD Correlation ID for this token request: Unknown
[2021-02-05 14:50:18Z INFO CommandSettings] Arg 'work': ''
[2021-02-05 14:50:18Z INFO CommandSettings] Flag 'unattended': 'False'
[2021-02-05 14:50:18Z INFO PromptManager] ReadValue
[2021-02-05 14:50:18Z INFO Terminal] WRITE: Enter name of work folder: 
[2021-02-05 14:50:18Z INFO Terminal] WRITE: [press Enter for _work] 
[2021-02-05 14:50:18Z INFO Terminal] READ LINE
[2021-02-05 14:50:28Z INFO Terminal] Read value: ''
[2021-02-05 14:50:28Z INFO PromptManager] Falling back to the default: '_work'
[2021-02-05 14:50:28Z INFO ConfigurationStore] Saving runner settings.
[2021-02-05 14:50:28Z INFO ConfigurationStore] Settings Saved.
[2021-02-05 14:50:28Z INFO Terminal] WRITE LINE: 
[2021-02-05 14:50:28Z INFO Terminal] WRITE LINE: 
[2021-02-05 14:50:28Z INFO CommandSettings] Flag 'runasservice': 'False'
[2021-02-05 14:50:28Z INFO CommandSettings] Flag 'unattended': 'False'
[2021-02-05 14:50:28Z INFO PromptManager] ReadValue
[2021-02-05 14:50:28Z INFO Terminal] WRITE: Would you like to run the runner as service? (Y/N) 
[2021-02-05 14:50:28Z INFO Terminal] WRITE: [press Enter for N] 
[2021-02-05 14:50:28Z INFO Terminal] READ LINE
[2021-02-05 14:50:42Z INFO Terminal] Read value: 'Y'
[2021-02-05 14:50:42Z INFO ConfigurationManager] Configuring to run the agent as service
[2021-02-05 14:50:42Z ERR  WindowsServiceControlManager] Needs Administrator privileges for configure runner as windows service.
[2021-02-05 14:50:42Z ERR  Runner] System.Security.SecurityException: Needs Administrator privileges for configuring runner as windows service.
   at GitHub.Runner.Listener.Configuration.WindowsServiceControlManager.ConfigureService(RunnerSettings settings, CommandSettings command)
   at GitHub.Runner.Listener.Configuration.ConfigurationManager.ConfigureAsync(CommandSettings command)
   at GitHub.Runner.Listener.Runner.ExecuteCommand(CommandSettings command)
[2021-02-05 14:50:42Z ERR  Terminal] WRITE ERROR: Needs Administrator privileges for configuring runner as windows service.
[2021-02-05 14:50:42Z INFO Listener] Runner execution has finished with return code 1
